<?xml version="1.0" encoding="UTF-8"?>
<testsuite xmlns:xsi="http://www.w3.org/2001/XMLSchema-instance" xsi:noNamespaceSchemaLocation="https://maven.apache.org/surefire/maven-surefire-plugin/xsd/surefire-test-report-3.0.xsd" version="3.0" name="com.edulab.controller.AuthControllerTest" time="2.766" tests="2" errors="0" skipped="0" failures="0">
  <properties>
[...]
</properties>
  <testcase name="shouldFailLoginWithWrongPassword" classname="com.edulab.controller.AuthControllerTest" time="0.872">
    <system-out><![CDATA[13:56:13.473 [main] INFO org.springframework.test.context.support.AnnotationConfigContextLoaderUtils -- Could not detect default configuration classes for test class [com.edulab.controller.AuthControllerTest]: AuthControllerTest does not declare any static, non-private, non-final, nested classes annotated with @Configuration.
13:56:13.589 [main] INFO org.springframework.boot.test.context.SpringBootTestContextBootstrapper -- Found @SpringBootConfiguration com.edulab.EduLabApplication for test class com.edulab.controller.AuthControllerTest

  .   ____          _            __ _ _
 /\\ / ___'_ __ _ _(_)_ __  __ _ \ \ \ \
( ( )\___ | '_ | '_| | '_ \/ _` | \ \ \ \
 \\/  ___)| |_)| | | | | || (_| |  ) ) ) )
  '  |____| .__|_| |_|_| |_\__, | / / / /
 =========|_|==============|___/=/_/_/_/
 :: Spring Boot ::                (v3.2.4)

2026-09-08T13:56:13.949+07:00  INFO 9784 --- [edulab-backend] [           main] c.edulab.controller.AuthControllerTest   : Starting AuthControllerTest using Java 21.0.11 with PID 9784 (started by Quoc Thai in D:\6_OJT\EduLab\backend)
2026-09-08T13:56:13.950+07:00  INFO 9784 --- [edulab-backend] [           main] c.edulab.controller.AuthControllerTest   : No active profile set, falling back to 1 default profile: "default"
2026-09-08T13:56:15.081+07:00  INFO 9784 --- [edulab-backend] [           main] o.s.b.t.m.w.SpringBootMockServletContext : Initializing Spring TestDispatcherServlet ''
2026-09-08T13:56:15.081+07:00  INFO 9784 --- [edulab-backend] [           main] o.s.t.web.servlet.TestDispatcherServlet  : Initializing Servlet ''
2026-09-08T13:56:15.084+07:00  INFO 9784 --- [edulab-backend] [           main] o.s.t.web.servlet.TestDispatcherServlet  : Completed initialization in 1 ms
2026-09-08T13:56:15.108+07:00  INFO 9784 --- [edulab-backend] [           main] c.edulab.controller.AuthControllerTest   : Started AuthControllerTest in 1.393 seconds (process running for 2.268)
]]></system-out>
    <system-err><![CDATA[WARNING: A Java agent has been loaded dynamically (C:\Users\Quoc Thai\.m2\repository\net\bytebuddy\byte-buddy-agent\1.14.12\byte-buddy-agent-1.14.12.jar)
WARNING: If a serviceability tool is in use, please run with -XX:+EnableDynamicAgentLoading to hide this warning
WARNING: If a serviceability tool is not in use, please run with -Djdk.instrument.traceUsage for more information
WARNING: Dynamic loading of agents will be disallowed by default in a future release
]]></system-err>
  </testcase>
  <testcase name="shouldLoginSuccessfullyWithDemoAccount" classname="com.edulab.controller.AuthControllerTest" time="0.064"/>
</testsuite>